<?xml version="1.0" encoding="UTF-8"?>
<!-- Generated by org.testng.reporters.JUnitReportReporter -->
<testsuite hostname="LAPTOP-E8N8268I" failures="0" tests="4" name="saucedemo.TestClass" time="5.127" errors="0" timestamp="2025-07-15T20:16:26 BST" skipped="0">
  <testcase classname="saucedemo.TestClass" name="loginPageTitleTest" time="0.052"/>
  <testcase classname="saucedemo.TestClass" name="loginTest" time="1.938"/>
  <testcase classname="saucedemo.TestClass" name="addToCart" time="1.825"/>
  <testcase classname="saucedemo.TestClass" name="verifyCart" time="1.312"/>
</testsuite> <!-- saucedemo.TestClass -->
