<?xml version="1.0" encoding="UTF-8"?>
<!-- Generated by org.testng.reporters.JUnitReportReporter -->
<testsuite hostname="LAPTOP-E8N8268I" failures="0" tests="3" name="saucedemo.LoginPageTest" time="7.301" errors="0" timestamp="2025-07-15T16:41:56 BST" skipped="0">
  <testcase classname="saucedemo.LoginPageTest" name="loginPageTitleTest" time="0.021"/>
  <testcase classname="saucedemo.LoginPageTest" name="loginTest" time="3.636"/>
  <testcase classname="saucedemo.LoginPageTest" name="addToCart" time="3.644"/>
</testsuite> <!-- saucedemo.LoginPageTest -->
