<?xml version="1.0" encoding="UTF-8"?>
<!-- Generated by org.testng.reporters.JUnitReportReporter -->
<testsuite hostname="LAPTOP-E8N8268I" failures="0" tests="4" name="Tests.TestClass" time="3.702" errors="0" timestamp="2025-07-16T01:02:02 BST" skipped="0">
  <testcase classname="Tests.TestClass" name="loginPageTitleTest" time="0.016"/>
  <testcase classname="Tests.TestClass" name="loginTest" time="1.305"/>
  <testcase classname="Tests.TestClass" name="addToCart" time="1.266"/>
  <testcase classname="Tests.TestClass" name="verifyCart" time="1.115"/>
</testsuite> <!-- Tests.TestClass -->
