<?xml version="1.0" encoding="UTF-8"?>
<!-- Generated by org.testng.reporters.JUnitReportReporter -->
<testsuite hostname="LAPTOP-E8N8268I" failures="0" tests="4" name="Tests.TestClass" time="3.783" errors="0" timestamp="2025-07-16T14:06:03 BST" skipped="0">
  <testcase classname="Tests.TestClass" name="loginPageTitleTest" time="0.024"/>
  <testcase classname="Tests.TestClass" name="loginTest" time="1.253"/>
  <testcase classname="Tests.TestClass" name="addToCart" time="1.399"/>
  <testcase classname="Tests.TestClass" name="verifyCart" time="1.107"/>
</testsuite> <!-- Tests.TestClass -->
