<?xml version="1.0" encoding="UTF-8"?>
<!-- Generated by org.testng.reporters.JUnitReportReporter -->
<testsuite hostname="LAPTOP-E8N8268I" failures="0" tests="4" name="saucedemo.TestClass" time="11.662" errors="0" timestamp="2025-07-15T19:35:48 BST" skipped="0">
  <testcase classname="saucedemo.TestClass" name="loginPageTitleTest" time="0.017"/>
  <testcase classname="saucedemo.TestClass" name="loginTest" time="3.321"/>
  <testcase classname="saucedemo.TestClass" name="addToCart" time="3.230"/>
  <testcase classname="saucedemo.TestClass" name="verifyCart" time="5.094"/>
</testsuite> <!-- saucedemo.TestClass -->
