<?xml version="1.0" encoding="UTF-8"?>
<!-- Generated by org.testng.reporters.JUnitReportReporter -->
<testsuite hostname="LAPTOP-E8N8268I" failures="0" tests="4" name="Tests.TestClass" time="3.704" errors="0" timestamp="2025-07-16T00:46:37 BST" skipped="0">
  <testcase classname="Tests.TestClass" name="loginPageTitleTest" time="0.020"/>
  <testcase classname="Tests.TestClass" name="loginTest" time="1.328"/>
  <testcase classname="Tests.TestClass" name="addToCart" time="1.255"/>
  <testcase classname="Tests.TestClass" name="verifyCart" time="1.101"/>
</testsuite> <!-- Tests.TestClass -->
